2024-11-13 09:18:12,791 - INFO - Starting script
2024-11-13 09:18:12,791 - INFO - Starting paper collection from 2015 to 2024
2024-11-13 09:18:12,792 - INFO - Search query: cat:cs.AI OR cat:cs.LG OR cat:cs.NE OR cat:stat.ML
2024-11-13 09:18:12,792 - INFO - Attempting to fetch 100 papers
2024-11-13 09:18:12,792 - INFO - Requesting page (first: True, try: 0): https://export.arxiv.org/api/query?search_query=cat%3Acs.AI+OR+cat%3Acs.LG+OR+cat%3Acs.NE+OR+cat%3Astat.ML&id_list=&sortBy=submittedDate&sortOrder=descending&start=0&max_results=100
2024-11-13 09:18:13,925 - INFO - Got first page: 100 of 270252 total results
2024-11-13 09:18:13,925 - INFO - Processed 0 papers
2024-11-13 09:18:17,275 - INFO - Processed 10 papers
2024-11-13 09:18:20,638 - INFO - Processed 20 papers
2024-11-13 09:18:23,971 - INFO - Processed 30 papers
2024-11-13 09:18:27,306 - INFO - Processed 40 papers
2024-11-13 09:18:30,647 - INFO - Processed 50 papers
2024-11-13 09:18:33,979 - INFO - Processed 60 papers
2024-11-13 09:18:37,324 - INFO - Processed 70 papers
2024-11-13 09:18:40,662 - INFO - Processed 80 papers
2024-11-13 09:18:43,997 - INFO - Processed 90 papers
2024-11-13 09:18:47,355 - INFO - Saved 100 papers to arxiv_papers_20241113_091847.csv
2024-11-13 09:18:47,358 - INFO - Collection complete. Total papers: 100
2024-11-13 09:18:47,358 - INFO - 
Sample of collected data:
2024-11-13 09:18:47,359 - INFO -                                   id  ...                      date
0  http://arxiv.org/abs/2411.08034v1  ... 2024-11-12 18:59:35+00:00
1  http://arxiv.org/abs/2411.08033v1  ... 2024-11-12 18:59:32+00:00
2  http://arxiv.org/abs/2411.08028v1  ... 2024-11-12 18:57:59+00:00
3  http://arxiv.org/abs/2411.08027v1  ... 2024-11-12 18:56:58+00:00
4  http://arxiv.org/abs/2411.08024v1  ... 2024-11-12 18:54:55+00:00

[5 rows x 6 columns]
2024-11-13 09:18:47,425 - INFO - 
Columns:
2024-11-13 09:18:47,425 - INFO - ['id', 'title', 'abstract', 'authors', 'categories', 'date']
